<?xml version="1.0" encoding="UTF-8"?>
<testsuite name="com.cg.census.CensusAnalyzerTest" tests="4" skipped="0" failures="0" errors="0" timestamp="2020-10-27T11:57:30" hostname="DESKTOP-AURK5V2" time="0.121">
  <properties/>
  <testcase name="givenIndiaCensusDataWithIncorrectDelimiterShouldThrowException" classname="com.cg.census.CensusAnalyzerTest" time="0.109"/>
  <testcase name="givenStateCensusCSVFileShouldReturnNumberOfCorrectRecords" classname="com.cg.census.CensusAnalyzerTest" time="0.009"/>
  <testcase name="givenStateCensusDataWithWrongFileTypeShouldThrowException" classname="com.cg.census.CensusAnalyzerTest" time="0.001"/>
  <testcase name="givenStateCensusDataWithWrongFileShouldThrowException" classname="com.cg.census.CensusAnalyzerTest" time="0.0"/>
  <system-out><![CDATA[com.opencsv.exceptions.CsvRequiredFieldEmptyException: Number of data fields does not match number of headers.
com.opencsv.exceptions.CsvRequiredFieldEmptyException: Number of data fields does not match number of headers.
StateCensusData.pdf
F:\StateCensusData.csv
]]></system-out>
  <system-err><![CDATA[]]></system-err>
</testsuite>
