<?xml version="1.0" encoding="UTF-8"?>
<testsuite name="com.cg.census.CensusAnalyzerTest" tests="2" skipped="0" failures="0" errors="0" timestamp="2020-10-27T12:06:20" hostname="DESKTOP-AURK5V2" time="0.125">
  <properties/>
  <testcase name="givenStateCensusCSVFileShouldReturnNumberOfCorrectRecords" classname="com.cg.census.CensusAnalyzerTest" time="0.124"/>
  <testcase name="givenStateCensusDataWithWrongFileShouldThrowException" classname="com.cg.census.CensusAnalyzerTest" time="0.001"/>
  <system-out><![CDATA[com.opencsv.exceptions.CsvRequiredFieldEmptyException: Number of data fields does not match number of headers.
F:\StateCensusData.csv
]]></system-out>
  <system-err><![CDATA[]]></system-err>
</testsuite>
