<?xml version="1.0" encoding="UTF-8"?>
<testsuite name="com.cg.census.CensusAnalyzerTest" tests="1" skipped="0" failures="0" errors="0" timestamp="2020-10-27T13:18:27" hostname="DESKTOP-AURK5V2" time="0.118">
  <properties/>
  <testcase name="givenIndiaCensusDataWithIncorrectDelimiterShouldThrowException" classname="com.cg.census.CensusAnalyzerTest" time="0.118"/>
  <system-out><![CDATA[com.opencsv.exceptions.CsvRequiredFieldEmptyException: Number of data fields does not match number of headers.
]]></system-out>
  <system-err><![CDATA[]]></system-err>
</testsuite>
