<?xml version="1.0" encoding="UTF-8"?>
<testsuite name="com.cg.census.CensusAnalyzerTest" tests="1" skipped="0" failures="0" errors="0" timestamp="2020-10-27T13:22:45" hostname="DESKTOP-AURK5V2" time="0.109">
  <properties/>
  <testcase name="givenIndianStateCodeFile_ShouldReturn_CorrectRecords" classname="com.cg.census.CensusAnalyzerTest" time="0.109"/>
  <system-out><![CDATA[Error capturing CSV header!
]]></system-out>
  <system-err><![CDATA[]]></system-err>
</testsuite>
